2025-03-11 04:17:39,789 - SmartDetector - INFO - GPU tersedia: False
2025-03-11 04:17:39,789 - SmartDetector - INFO - Memuat model dari C:\Users\hanif\deteksi_objek_project\models\best.pt...
2025-03-11 04:17:39,789 - SmartDetector - INFO - Menggunakan device: cpu
2025-03-11 04:17:39,932 - SmartDetector - INFO - Model berhasil dimuat!
2025-03-11 04:17:39,932 - SmartDetector - INFO - Kelas yang dapat dideteksi: {0: 'man', 1: 'woman'}
2025-03-11 04:17:39,932 - SmartDetector - INFO - Analisis orang diaktifkan (deteksi gender)
2025-03-11 04:17:55,936 - SmartDetector - INFO - Kamera berhasil dibuka dengan resolusi 1280x720
2025-03-11 04:17:55,978 - SmartDetector - INFO - Video akan disimpan ke: C:\Users\hanif\deteksi_objek_project\output\videos\smart_detection_20250311_041755.mp4
2025-03-11 04:18:51,551 - SmartDetector - INFO - Deteksi selesai!
2025-03-11 10:17:49,215 - SmartDetector - INFO - GPU tersedia: False
2025-03-11 10:17:49,215 - SmartDetector - INFO - Memuat model dari C:\Users\hanif\deteksi_objek_project\models\best.pt...
2025-03-11 10:17:49,215 - SmartDetector - INFO - Menggunakan device: cpu
2025-03-11 10:17:49,460 - SmartDetector - INFO - Model berhasil dimuat!
2025-03-11 10:17:49,460 - SmartDetector - INFO - Kelas yang dapat dideteksi: {0: 'man', 1: 'woman'}
2025-03-11 10:17:49,460 - SmartDetector - INFO - Analisis orang diaktifkan (deteksi gender)
2025-03-11 10:18:15,034 - SmartDetector - INFO - Kamera berhasil dibuka dengan resolusi 1280x720
2025-03-11 10:18:15,109 - SmartDetector - INFO - Video akan disimpan ke: C:\Users\hanif\deteksi_objek_project\output\videos\smart_detection_20250311_101815.mp4
2025-03-11 10:19:16,419 - SmartDetector - INFO - Deteksi selesai!
2025-03-11 10:22:05,978 - SmartDetector - INFO - GPU tersedia: False
2025-03-11 10:22:05,987 - SmartDetector - INFO - Memuat model dari C:\Users\hanif\deteksi_objek_project\models\best.pt...
2025-03-11 10:22:05,987 - SmartDetector - INFO - Menggunakan device: cpu
2025-03-11 10:22:06,237 - SmartDetector - INFO - Model berhasil dimuat!
2025-03-11 10:22:06,237 - SmartDetector - INFO - Kelas yang dapat dideteksi: {0: 'man', 1: 'woman'}
2025-03-11 10:22:06,239 - SmartDetector - INFO - Analisis orang diaktifkan (deteksi gender)
2025-03-11 10:22:31,346 - SmartDetector - INFO - Kamera berhasil dibuka dengan resolusi 1280x720
2025-03-11 10:22:31,410 - SmartDetector - INFO - Video akan disimpan ke: C:\Users\hanif\deteksi_objek_project\output\videos\smart_detection_20250311_102231.mp4
